<!DOCTYPE html PUBLIC "-//W3C//DTD XHTML 1.1//EN" "https://www.w3.org/TR/xhtml11/DTD/xhtml11.dtd">
<html xmlns="https://www.w3.org/1999/xhtml">
<head>
<meta http-equiv="content-type" content="text/html; charset=UTF-8"/>
<title>TestNG Report</title>
<style type="text/css">table {margin-bottom:10px;border-collapse:collapse;empty-cells:show}th,td {border:1px solid #009;padding:.25em .5em}th {vertical-align:bottom}td {vertical-align:top}table a {font-weight:bold}.stripe td {background-color: #E6EBF9}.num {text-align:right}.passedodd td {background-color: #3F3}.passedeven td {background-color: #0A0}.skippedodd td {background-color: #DDD}.skippedeven td {background-color: #CCC}.failedodd td,.attn {background-color: #F33}.failedeven td,.stripe .attn {background-color: #D00}.stacktrace {white-space:pre;font-family:monospace}.totop {font-size:85%;text-align:center;border-bottom:2px solid #000}.invisible {display:none}</style>
</head>
<body>
<table>
<tr><th>Test</th><th># Passed</th><th># Skipped</th><th># Retried</th><th># Failed</th><th>Time (ms)</th><th>Included Groups</th><th>Excluded Groups</th></tr>
<tr><th colspan="8">Suite</th></tr>
<tr><td><a href="#t0">ManageProductTypes</a></td><td class="num">1</td><td class="num">0</td><td class="num">0</td><td class="num">0</td><td class="num">47,328</td><td></td><td></td></tr>
<tr class="stripe"><td><a href="#t1">ManufaturersTest</a></td><td class="num">0</td><td class="num">0</td><td class="num">0</td><td class="num attn">1</td><td class="num">127,670</td><td></td><td></td></tr>
<tr><td><a href="#t2">Managecategories</a></td><td class="num">1</td><td class="num">0</td><td class="num">0</td><td class="num">0</td><td class="num">37,626</td><td></td><td></td></tr>
<tr class="stripe"><td><a href="#t3">ManageproductTypes</a></td><td class="num">2</td><td class="num">0</td><td class="num">0</td><td class="num">0</td><td class="num">45,208</td><td></td><td></td></tr>
<tr><td><a href="#t4">ReviewTest</a></td><td class="num">1</td><td class="num">0</td><td class="num">0</td><td class="num">0</td><td class="num">44,213</td><td></td><td></td></tr>
<tr class="stripe"><td><a href="#t5">orderTest</a></td><td class="num">0</td><td class="num">0</td><td class="num">0</td><td class="num attn">1</td><td class="num">33,303</td><td></td><td></td></tr>
<tr><td><a href="#t6">LoginPages</a></td><td class="num">1</td><td class="num">0</td><td class="num">0</td><td class="num">0</td><td class="num">28,411</td><td></td><td></td></tr>
<tr><th>Total</th><th class="num">6</th><th class="num">0</th><th class="num">0</th><th class="num attn">2</th><th class="num">363,759</th><th colspan="2"></th></tr>
</table>
<table id='summary'><thead><tr><th>Class</th><th>Method</th><th>Start</th><th>Time (ms)</th></tr></thead><tbody><tr><th colspan="4">Suite</th></tr></tbody><tbody id="t0"><tr><th colspan="4">ManageProductTypes &#8212; passed</th></tr><tr class="passedeven"><td rowspan="1">AvactisTestCases.ManageProductTypesTest</td><td><a href="#m0">AddNewProductType</a></td><td rowspan="1">1669101734285</td><td rowspan="1">40922</td></tr></tbody>
<tbody id="t1"><tr><th colspan="4">ManufaturersTest &#8212; failed</th></tr><tr class="failedeven"><td rowspan="1">AvactisTestCases.ManufacturersTest</td><td><a href="#m1">AddManufacturer</a></td><td rowspan="1">1669101781332</td><td rowspan="1">122925</td></tr></tbody>
<tbody id="t2"><tr><th colspan="4">Managecategories &#8212; passed</th></tr><tr class="passedeven"><td rowspan="1">AvactisTestCases.ManageCategoriesTest</td><td><a href="#m2">createSubCategory</a></td><td rowspan="1">1669101907683</td><td rowspan="1">34114</td></tr></tbody>
<tbody id="t3"><tr><th colspan="4">ManageproductTypes &#8212; passed</th></tr><tr class="passedeven"><td rowspan="2">AvactisTestCases.ManageProductsTest</td><td><a href="#m3">AddProduct</a></td><td rowspan="1">1669101945444</td><td rowspan="1">37581</td></tr><tr class="passedeven"><td><a href="#m4">MoveProduct</a></td><td rowspan="1">1669101983027</td><td rowspan="1">4071</td></tr></tbody>
<tbody id="t4"><tr><th colspan="4">ReviewTest &#8212; passed</th></tr><tr class="passedeven"><td rowspan="1">AvactisTestCases.ReviewTest</td><td><a href="#m5">SearchReview</a></td><td rowspan="1">1669101990581</td><td rowspan="1">40856</td></tr></tbody>
<tbody id="t5"><tr><th colspan="4">orderTest &#8212; failed</th></tr><tr class="failedeven"><td rowspan="1">AvactisTestCases.OrdersTest</td><td><a href="#m6">UpdateOrderStatus</a></td><td rowspan="1">1669102034848</td><td rowspan="1">30010</td></tr></tbody>
<tbody id="t6"><tr><th colspan="4">LoginPages &#8212; passed</th></tr><tr class="passedeven"><td rowspan="1">AvactisTestCases.LoginPageTest</td><td><a href="#m7">AdminSignIn</a></td><td rowspan="1">1669102068270</td><td rowspan="1">24997</td></tr></tbody>
</table>
<h2>ManageProductTypes</h2><h3 id="m0">AvactisTestCases.ManageProductTypesTest#AddNewProductType</h3><table class="result"><tr><th class="invisible"/></tr></table><p class="totop"><a href="#summary">back to summary</a></p>
<h2>ManufaturersTest</h2><h3 id="m1">AvactisTestCases.ManufacturersTest#AddManufacturer</h3><table class="result"><tr><th>Exception</th></tr><tr><td><div class="stacktrace">org.openqa.selenium.NoSuchElementException: no such element: Unable to locate element: {&quot;method&quot;:&quot;xpath&quot;,&quot;selector&quot;:&quot;//img[@title=&apos;Catalog&apos;]&quot;}
  (Session info: chrome=107.0.5304.107)
For documentation on this error, please visit: https://selenium.dev/exceptions/#no_such_element
Build info: version: &apos;4.6.0&apos;, revision: &apos;79f1c02ae20&apos;
System info: os.name: &apos;Windows 10&apos;, os.arch: &apos;amd64&apos;, os.version: &apos;10.0&apos;, java.version: &apos;17.0.2&apos;
Driver info: org.openqa.selenium.chrome.ChromeDriver
Command: [6b9c00f5ea319356e887c3d30d083eae, findElement {using=xpath, value=//img[@title=&apos;Catalog&apos;]}]
Capabilities {acceptInsecureCerts: false, browserName: chrome, browserVersion: 107.0.5304.107, chrome: {chromedriverVersion: 107.0.5304.62 (1eec40d3a576..., userDataDir: C:\Users\DELL\AppData\Local...}, goog:chromeOptions: {debuggerAddress: localhost:54436}, networkConnectionEnabled: false, pageLoadStrategy: normal, platformName: WINDOWS, proxy: Proxy(), se:cdp: ws://localhost:54436/devtoo..., se:cdpVersion: 107.0.5304.107, setWindowRect: true, strictFileInteractability: false, timeouts: {implicit: 0, pageLoad: 300000, script: 30000}, unhandledPromptBehavior: dismiss and notify, webauthn:extension:credBlob: true, webauthn:extension:largeBlob: true, webauthn:virtualAuthenticators: true}
Session ID: 6b9c00f5ea319356e887c3d30d083eae
	at org.openqa.selenium.remote.codec.w3c.W3CHttpResponseCodec.createException(W3CHttpResponseCodec.java:200)
	at org.openqa.selenium.remote.codec.w3c.W3CHttpResponseCodec.decode(W3CHttpResponseCodec.java:133)
	at org.openqa.selenium.remote.codec.w3c.W3CHttpResponseCodec.decode(W3CHttpResponseCodec.java:53)
	at org.openqa.selenium.remote.HttpCommandExecutor.execute(HttpCommandExecutor.java:184)
	at org.openqa.selenium.remote.service.DriverCommandExecutor.invokeExecute(DriverCommandExecutor.java:167)
	at org.openqa.selenium.remote.service.DriverCommandExecutor.execute(DriverCommandExecutor.java:142)
	at org.openqa.selenium.remote.RemoteWebDriver.execute(RemoteWebDriver.java:541)
	at org.openqa.selenium.remote.ElementLocation$ElementFinder$2.findElement(ElementLocation.java:162)
	at org.openqa.selenium.remote.ElementLocation.findElement(ElementLocation.java:60)
	at org.openqa.selenium.remote.RemoteWebDriver.findElement(RemoteWebDriver.java:365)
	at org.openqa.selenium.remote.RemoteWebDriver.findElement(RemoteWebDriver.java:357)
	at org.openqa.selenium.support.pagefactory.DefaultElementLocator.findElement(DefaultElementLocator.java:70)
	at org.openqa.selenium.support.pagefactory.internal.LocatingElementHandler.invoke(LocatingElementHandler.java:39)
	at jdk.proxy2/jdk.proxy2.$Proxy32.click(Unknown Source)
	at AvactisPageObjects.ManufacturersPage.clickOnCatalogue(ManufacturersPage.java:48)
	at AvactisTestCases.ManufacturersTest.AddManufacturer(ManufacturersTest.java:37)
	at java.base/java.util.ArrayList.forEach(ArrayList.java:1511)
... Removed 32 stack frames</div></td></tr></table><p class="totop"><a href="#summary">back to summary</a></p>
<h2>Managecategories</h2><h3 id="m2">AvactisTestCases.ManageCategoriesTest#createSubCategory</h3><table class="result"><tr><th class="invisible"/></tr></table><p class="totop"><a href="#summary">back to summary</a></p>
<h2>ManageproductTypes</h2><h3 id="m3">AvactisTestCases.ManageProductsTest#AddProduct</h3><table class="result"><tr><th class="invisible"/></tr></table><p class="totop"><a href="#summary">back to summary</a></p>
<h3 id="m4">AvactisTestCases.ManageProductsTest#MoveProduct</h3><table class="result"><tr><th class="invisible"/></tr></table><p class="totop"><a href="#summary">back to summary</a></p>
<h2>ReviewTest</h2><h3 id="m5">AvactisTestCases.ReviewTest#SearchReview</h3><table class="result"><tr><th class="invisible"/></tr></table><p class="totop"><a href="#summary">back to summary</a></p>
<h2>orderTest</h2><h3 id="m6">AvactisTestCases.OrdersTest#UpdateOrderStatus</h3><table class="result"><tr><th>Exception</th></tr><tr><td><div class="stacktrace">java.lang.AssertionError: expected [Order data has been updted] but found [Order data has been updated]
	at AvactisTestCases.OrdersTest.UpdateOrderStatus(OrdersTest.java:46)
	at java.base/java.util.ArrayList.forEach(ArrayList.java:1511)
... Removed 33 stack frames</div></td></tr></table><p class="totop"><a href="#summary">back to summary</a></p>
<h2>LoginPages</h2><h3 id="m7">AvactisTestCases.LoginPageTest#AdminSignIn</h3><table class="result"><tr><th class="invisible"/></tr></table><p class="totop"><a href="#summary">back to summary</a></p>
</body>
</html>
