<?xml version="1.0" encoding="UTF-8"?>
<testng-results ignored="0" total="8" passed="6" failed="2" skipped="0">
  <reporter-output>
  </reporter-output>
  <suite started-at="2022-11-22T12:52:08 IST" name="Suite" finished-at="2022-11-22T12:58:13 IST" duration-ms="364834">
    <groups>
      <group name="Sanity">
        <method signature="ManufacturersTest.AddManufacturer()[pri:0, instance:AvactisTestCases.ManufacturersTest@3b4ef7]" name="AddManufacturer" class="AvactisTestCases.ManufacturersTest"/>
        <method signature="ManageProductsTest.AddProduct()[pri:0, instance:AvactisTestCases.ManageProductsTest@27f0ad19]" name="AddProduct" class="AvactisTestCases.ManageProductsTest"/>
        <method signature="ReviewTest.SearchReview()[pri:0, instance:AvactisTestCases.ReviewTest@1e8823d2]" name="SearchReview" class="AvactisTestCases.ReviewTest"/>
      </group> <!-- Sanity -->
      <group name="Regression">
        <method signature="ManageProductTypesTest.AddNewProductType()[pri:0, instance:AvactisTestCases.ManageProductTypesTest@420bc288]" name="AddNewProductType" class="AvactisTestCases.ManageProductTypesTest"/>
        <method signature="ManufacturersTest.AddManufacturer()[pri:0, instance:AvactisTestCases.ManufacturersTest@3b4ef7]" name="AddManufacturer" class="AvactisTestCases.ManufacturersTest"/>
        <method signature="ManageCategoriesTest.createSubCategory()[pri:0, instance:AvactisTestCases.ManageCategoriesTest@4fdf8f12]" name="createSubCategory" class="AvactisTestCases.ManageCategoriesTest"/>
        <method signature="ManageProductsTest.AddProduct()[pri:0, instance:AvactisTestCases.ManageProductsTest@27f0ad19]" name="AddProduct" class="AvactisTestCases.ManageProductsTest"/>
        <method signature="ManageProductsTest.MoveProduct()[pri:0, instance:AvactisTestCases.ManageProductsTest@27f0ad19]" name="MoveProduct" class="AvactisTestCases.ManageProductsTest"/>
        <method signature="ReviewTest.SearchReview()[pri:0, instance:AvactisTestCases.ReviewTest@1e8823d2]" name="SearchReview" class="AvactisTestCases.ReviewTest"/>
        <method signature="OrdersTest.UpdateOrderStatus()[pri:0, instance:AvactisTestCases.OrdersTest@2237bada]" name="UpdateOrderStatus" class="AvactisTestCases.OrdersTest"/>
        <method signature="LoginPageTest.AdminSignIn()[pri:0, instance:AvactisTestCases.LoginPageTest@4e7095ac]" name="AdminSignIn" class="AvactisTestCases.LoginPageTest"/>
      </group> <!-- Regression -->
      <group name="Smoke">
        <method signature="ManageProductTypesTest.AddNewProductType()[pri:0, instance:AvactisTestCases.ManageProductTypesTest@420bc288]" name="AddNewProductType" class="AvactisTestCases.ManageProductTypesTest"/>
        <method signature="ManufacturersTest.AddManufacturer()[pri:0, instance:AvactisTestCases.ManufacturersTest@3b4ef7]" name="AddManufacturer" class="AvactisTestCases.ManufacturersTest"/>
        <method signature="ManageCategoriesTest.createSubCategory()[pri:0, instance:AvactisTestCases.ManageCategoriesTest@4fdf8f12]" name="createSubCategory" class="AvactisTestCases.ManageCategoriesTest"/>
        <method signature="ManageProductsTest.AddProduct()[pri:0, instance:AvactisTestCases.ManageProductsTest@27f0ad19]" name="AddProduct" class="AvactisTestCases.ManageProductsTest"/>
        <method signature="OrdersTest.UpdateOrderStatus()[pri:0, instance:AvactisTestCases.OrdersTest@2237bada]" name="UpdateOrderStatus" class="AvactisTestCases.OrdersTest"/>
        <method signature="LoginPageTest.AdminSignIn()[pri:0, instance:AvactisTestCases.LoginPageTest@4e7095ac]" name="AdminSignIn" class="AvactisTestCases.LoginPageTest"/>
      </group> <!-- Smoke -->
    </groups>
    <test started-at="2022-11-22T12:52:08 IST" name="ManageProductTypes" finished-at="2022-11-22T12:52:56 IST" duration-ms="47328">
      <class name="AvactisTestCases.ManageProductTypesTest">
        <test-method is-config="true" signature="loadBrowser()[pri:0, instance:AvactisTestCases.ManageProductTypesTest@420bc288]" started-at="2022-11-22T12:52:08 IST" name="loadBrowser" finished-at="2022-11-22T12:52:14 IST" duration-ms="5559" status="PASS">
          <reporter-output>
          </reporter-output>
        </test-method> <!-- loadBrowser -->
        <test-method signature="AddNewProductType()[pri:0, instance:AvactisTestCases.ManageProductTypesTest@420bc288]" started-at="2022-11-22T12:52:14 IST" name="AddNewProductType" finished-at="2022-11-22T12:52:55 IST" duration-ms="40922" status="PASS">
          <reporter-output>
          </reporter-output>
        </test-method> <!-- AddNewProductType -->
        <test-method is-config="true" signature="tearDown()[pri:0, instance:AvactisTestCases.ManageProductTypesTest@420bc288]" started-at="2022-11-22T12:52:55 IST" name="tearDown" finished-at="2022-11-22T12:52:56 IST" duration-ms="756" status="PASS">
          <reporter-output>
          </reporter-output>
        </test-method> <!-- tearDown -->
      </class> <!-- AvactisTestCases.ManageProductTypesTest -->
    </test> <!-- ManageProductTypes -->
    <test started-at="2022-11-22T12:52:56 IST" name="ManufaturersTest" finished-at="2022-11-22T12:55:04 IST" duration-ms="127670">
      <class name="AvactisTestCases.ManufacturersTest">
        <test-method is-config="true" signature="loadBrowser()[pri:0, instance:AvactisTestCases.ManufacturersTest@3b4ef7]" started-at="2022-11-22T12:52:56 IST" name="loadBrowser" finished-at="2022-11-22T12:53:01 IST" duration-ms="4520" status="PASS">
          <reporter-output>
          </reporter-output>
        </test-method> <!-- loadBrowser -->
        <test-method signature="AddManufacturer()[pri:0, instance:AvactisTestCases.ManufacturersTest@3b4ef7]" started-at="2022-11-22T12:53:01 IST" name="AddManufacturer" finished-at="2022-11-22T12:55:04 IST" duration-ms="122925" status="FAIL">
          <exception class="org.openqa.selenium.NoSuchElementException">
            <message>
              <![CDATA[no such element: Unable to locate element: {"method":"xpath","selector":"//img[@title='Catalog']"}
  (Session info: chrome=107.0.5304.107)
For documentation on this error, please visit: https://selenium.dev/exceptions/#no_such_element
Build info: version: '4.6.0', revision: '79f1c02ae20'
System info: os.name: 'Windows 10', os.arch: 'amd64', os.version: '10.0', java.version: '17.0.2'
Driver info: org.openqa.selenium.chrome.ChromeDriver
Command: [6b9c00f5ea319356e887c3d30d083eae, findElement {using=xpath, value=//img[@title='Catalog']}]
Capabilities {acceptInsecureCerts: false, browserName: chrome, browserVersion: 107.0.5304.107, chrome: {chromedriverVersion: 107.0.5304.62 (1eec40d3a576..., userDataDir: C:\Users\DELL\AppData\Local...}, goog:chromeOptions: {debuggerAddress: localhost:54436}, networkConnectionEnabled: false, pageLoadStrategy: normal, platformName: WINDOWS, proxy: Proxy(), se:cdp: ws://localhost:54436/devtoo..., se:cdpVersion: 107.0.5304.107, setWindowRect: true, strictFileInteractability: false, timeouts: {implicit: 0, pageLoad: 300000, script: 30000}, unhandledPromptBehavior: dismiss and notify, webauthn:extension:credBlob: true, webauthn:extension:largeBlob: true, webauthn:virtualAuthenticators: true}
Session ID: 6b9c00f5ea319356e887c3d30d083eae]]>
            </message>
            <full-stacktrace>
              <![CDATA[org.openqa.selenium.NoSuchElementException: no such element: Unable to locate element: {"method":"xpath","selector":"//img[@title='Catalog']"}
  (Session info: chrome=107.0.5304.107)
For documentation on this error, please visit: https://selenium.dev/exceptions/#no_such_element
Build info: version: '4.6.0', revision: '79f1c02ae20'
System info: os.name: 'Windows 10', os.arch: 'amd64', os.version: '10.0', java.version: '17.0.2'
Driver info: org.openqa.selenium.chrome.ChromeDriver
Command: [6b9c00f5ea319356e887c3d30d083eae, findElement {using=xpath, value=//img[@title='Catalog']}]
Capabilities {acceptInsecureCerts: false, browserName: chrome, browserVersion: 107.0.5304.107, chrome: {chromedriverVersion: 107.0.5304.62 (1eec40d3a576..., userDataDir: C:\Users\DELL\AppData\Local...}, goog:chromeOptions: {debuggerAddress: localhost:54436}, networkConnectionEnabled: false, pageLoadStrategy: normal, platformName: WINDOWS, proxy: Proxy(), se:cdp: ws://localhost:54436/devtoo..., se:cdpVersion: 107.0.5304.107, setWindowRect: true, strictFileInteractability: false, timeouts: {implicit: 0, pageLoad: 300000, script: 30000}, unhandledPromptBehavior: dismiss and notify, webauthn:extension:credBlob: true, webauthn:extension:largeBlob: true, webauthn:virtualAuthenticators: true}
Session ID: 6b9c00f5ea319356e887c3d30d083eae
at java.base/jdk.internal.reflect.NativeConstructorAccessorImpl.newInstance0(Native Method)
at java.base/jdk.internal.reflect.NativeConstructorAccessorImpl.newInstance(NativeConstructorAccessorImpl.java:77)
at java.base/jdk.internal.reflect.DelegatingConstructorAccessorImpl.newInstance(DelegatingConstructorAccessorImpl.java:45)
at java.base/java.lang.reflect.Constructor.newInstanceWithCaller(Constructor.java:499)
at java.base/java.lang.reflect.Constructor.newInstance(Constructor.java:480)
at org.openqa.selenium.remote.codec.w3c.W3CHttpResponseCodec.createException(W3CHttpResponseCodec.java:200)
at org.openqa.selenium.remote.codec.w3c.W3CHttpResponseCodec.decode(W3CHttpResponseCodec.java:133)
at org.openqa.selenium.remote.codec.w3c.W3CHttpResponseCodec.decode(W3CHttpResponseCodec.java:53)
at org.openqa.selenium.remote.HttpCommandExecutor.execute(HttpCommandExecutor.java:184)
at org.openqa.selenium.remote.service.DriverCommandExecutor.invokeExecute(DriverCommandExecutor.java:167)
at org.openqa.selenium.remote.service.DriverCommandExecutor.execute(DriverCommandExecutor.java:142)
at org.openqa.selenium.remote.RemoteWebDriver.execute(RemoteWebDriver.java:541)
at org.openqa.selenium.remote.ElementLocation$ElementFinder$2.findElement(ElementLocation.java:162)
at org.openqa.selenium.remote.ElementLocation.findElement(ElementLocation.java:60)
at org.openqa.selenium.remote.RemoteWebDriver.findElement(RemoteWebDriver.java:365)
at org.openqa.selenium.remote.RemoteWebDriver.findElement(RemoteWebDriver.java:357)
at org.openqa.selenium.support.pagefactory.DefaultElementLocator.findElement(DefaultElementLocator.java:70)
at org.openqa.selenium.support.pagefactory.internal.LocatingElementHandler.invoke(LocatingElementHandler.java:39)
at jdk.proxy2/jdk.proxy2.$Proxy32.click(Unknown Source)
at AvactisPageObjects.ManufacturersPage.clickOnCatalogue(ManufacturersPage.java:48)
at AvactisTestCases.ManufacturersTest.AddManufacturer(ManufacturersTest.java:37)
at java.base/jdk.internal.reflect.NativeMethodAccessorImpl.invoke0(Native Method)
at java.base/jdk.internal.reflect.NativeMethodAccessorImpl.invoke(NativeMethodAccessorImpl.java:77)
at java.base/jdk.internal.reflect.DelegatingMethodAccessorImpl.invoke(DelegatingMethodAccessorImpl.java:43)
at java.base/java.lang.reflect.Method.invoke(Method.java:568)
at org.testng.internal.MethodInvocationHelper.invokeMethod(MethodInvocationHelper.java:133)
at org.testng.internal.TestInvoker.invokeMethod(TestInvoker.java:598)
at org.testng.internal.TestInvoker.invokeTestMethod(TestInvoker.java:173)
at org.testng.internal.MethodRunner.runInSequence(MethodRunner.java:46)
at org.testng.internal.TestInvoker$MethodInvocationAgent.invoke(TestInvoker.java:824)
at org.testng.internal.TestInvoker.invokeTestMethods(TestInvoker.java:146)
at org.testng.internal.TestMethodWorker.invokeTestMethods(TestMethodWorker.java:146)
at org.testng.internal.TestMethodWorker.run(TestMethodWorker.java:128)
at java.base/java.util.ArrayList.forEach(ArrayList.java:1511)
at org.testng.TestRunner.privateRun(TestRunner.java:794)
at org.testng.TestRunner.run(TestRunner.java:596)
at org.testng.SuiteRunner.runTest(SuiteRunner.java:377)
at org.testng.SuiteRunner.runSequentially(SuiteRunner.java:371)
at org.testng.SuiteRunner.privateRun(SuiteRunner.java:332)
at org.testng.SuiteRunner.run(SuiteRunner.java:276)
at org.testng.SuiteRunnerWorker.runSuite(SuiteRunnerWorker.java:53)
at org.testng.SuiteRunnerWorker.run(SuiteRunnerWorker.java:96)
at org.testng.TestNG.runSuitesSequentially(TestNG.java:1212)
at org.testng.TestNG.runSuitesLocally(TestNG.java:1134)
at org.testng.TestNG.runSuites(TestNG.java:1063)
at org.testng.TestNG.run(TestNG.java:1031)
at org.testng.remote.AbstractRemoteTestNG.run(AbstractRemoteTestNG.java:115)
at org.testng.remote.RemoteTestNG.initAndRun(RemoteTestNG.java:251)
at org.testng.remote.RemoteTestNG.main(RemoteTestNG.java:77)
]]>
            </full-stacktrace>
          </exception> <!-- org.openqa.selenium.NoSuchElementException -->
          <reporter-output>
          </reporter-output>
        </test-method> <!-- AddManufacturer -->
        <test-method is-config="true" signature="tearDown()[pri:0, instance:AvactisTestCases.ManufacturersTest@3b4ef7]" started-at="2022-11-22T12:55:04 IST" name="tearDown" finished-at="2022-11-22T12:55:04 IST" duration-ms="209" status="PASS">
          <reporter-output>
          </reporter-output>
        </test-method> <!-- tearDown -->
      </class> <!-- AvactisTestCases.ManufacturersTest -->
    </test> <!-- ManufaturersTest -->
    <test started-at="2022-11-22T12:55:04 IST" name="Managecategories" finished-at="2022-11-22T12:55:42 IST" duration-ms="37626">
      <class name="AvactisTestCases.ManageCategoriesTest">
        <test-method is-config="true" signature="loadBrowser()[pri:0, instance:AvactisTestCases.ManageCategoriesTest@4fdf8f12]" started-at="2022-11-22T12:55:04 IST" name="loadBrowser" finished-at="2022-11-22T12:55:07 IST" duration-ms="3133" status="PASS">
          <reporter-output>
          </reporter-output>
        </test-method> <!-- loadBrowser -->
        <test-method signature="createSubCategory()[pri:0, instance:AvactisTestCases.ManageCategoriesTest@4fdf8f12]" started-at="2022-11-22T12:55:07 IST" name="createSubCategory" finished-at="2022-11-22T12:55:41 IST" duration-ms="34114" status="PASS">
          <reporter-output>
          </reporter-output>
        </test-method> <!-- createSubCategory -->
        <test-method is-config="true" signature="tearDown()[pri:0, instance:AvactisTestCases.ManageCategoriesTest@4fdf8f12]" started-at="2022-11-22T12:55:41 IST" name="tearDown" finished-at="2022-11-22T12:55:42 IST" duration-ms="372" status="PASS">
          <reporter-output>
          </reporter-output>
        </test-method> <!-- tearDown -->
      </class> <!-- AvactisTestCases.ManageCategoriesTest -->
    </test> <!-- Managecategories -->
    <test started-at="2022-11-22T12:55:42 IST" name="ManageproductTypes" finished-at="2022-11-22T12:56:27 IST" duration-ms="45208">
      <class name="AvactisTestCases.ManageProductsTest">
        <test-method is-config="true" signature="loadBrowser()[pri:0, instance:AvactisTestCases.ManageProductsTest@27f0ad19]" started-at="2022-11-22T12:55:42 IST" name="loadBrowser" finished-at="2022-11-22T12:55:45 IST" duration-ms="3222" status="PASS">
          <reporter-output>
          </reporter-output>
        </test-method> <!-- loadBrowser -->
        <test-method signature="AddProduct()[pri:0, instance:AvactisTestCases.ManageProductsTest@27f0ad19]" started-at="2022-11-22T12:55:45 IST" name="AddProduct" finished-at="2022-11-22T12:56:23 IST" duration-ms="37581" status="PASS">
          <reporter-output>
          </reporter-output>
        </test-method> <!-- AddProduct -->
        <test-method signature="MoveProduct()[pri:0, instance:AvactisTestCases.ManageProductsTest@27f0ad19]" started-at="2022-11-22T12:56:23 IST" name="MoveProduct" finished-at="2022-11-22T12:56:27 IST" duration-ms="4071" status="PASS">
          <reporter-output>
          </reporter-output>
        </test-method> <!-- MoveProduct -->
        <test-method is-config="true" signature="tearDown()[pri:0, instance:AvactisTestCases.ManageProductsTest@27f0ad19]" started-at="2022-11-22T12:56:27 IST" name="tearDown" finished-at="2022-11-22T12:56:27 IST" duration-ms="327" status="PASS">
          <reporter-output>
          </reporter-output>
        </test-method> <!-- tearDown -->
      </class> <!-- AvactisTestCases.ManageProductsTest -->
    </test> <!-- ManageproductTypes -->
    <test started-at="2022-11-22T12:56:27 IST" name="ReviewTest" finished-at="2022-11-22T12:57:11 IST" duration-ms="44213">
      <class name="AvactisTestCases.ReviewTest">
        <test-method is-config="true" signature="loadBrowser()[pri:0, instance:AvactisTestCases.ReviewTest@1e8823d2]" started-at="2022-11-22T12:56:27 IST" name="loadBrowser" finished-at="2022-11-22T12:56:30 IST" duration-ms="3109" status="PASS">
          <reporter-output>
          </reporter-output>
        </test-method> <!-- loadBrowser -->
        <test-method signature="SearchReview()[pri:0, instance:AvactisTestCases.ReviewTest@1e8823d2]" started-at="2022-11-22T12:56:30 IST" name="SearchReview" finished-at="2022-11-22T12:57:11 IST" duration-ms="40856" status="PASS">
          <reporter-output>
          </reporter-output>
        </test-method> <!-- SearchReview -->
        <test-method is-config="true" signature="tearDown()[pri:0, instance:AvactisTestCases.ReviewTest@1e8823d2]" started-at="2022-11-22T12:57:11 IST" name="tearDown" finished-at="2022-11-22T12:57:11 IST" duration-ms="245" status="PASS">
          <reporter-output>
          </reporter-output>
        </test-method> <!-- tearDown -->
      </class> <!-- AvactisTestCases.ReviewTest -->
    </test> <!-- ReviewTest -->
    <test started-at="2022-11-22T12:57:11 IST" name="orderTest" finished-at="2022-11-22T12:57:45 IST" duration-ms="33303">
      <class name="AvactisTestCases.OrdersTest">
        <test-method is-config="true" signature="loadBrowser()[pri:0, instance:AvactisTestCases.OrdersTest@2237bada]" started-at="2022-11-22T12:57:11 IST" name="loadBrowser" finished-at="2022-11-22T12:57:14 IST" duration-ms="3107" status="PASS">
          <reporter-output>
          </reporter-output>
        </test-method> <!-- loadBrowser -->
        <test-method signature="UpdateOrderStatus()[pri:0, instance:AvactisTestCases.OrdersTest@2237bada]" started-at="2022-11-22T12:57:14 IST" name="UpdateOrderStatus" finished-at="2022-11-22T12:57:44 IST" duration-ms="30010" status="FAIL">
          <exception class="java.lang.AssertionError">
            <message>
              <![CDATA[expected [Order data has been updted] but found [Order data has been updated]]]>
            </message>
            <full-stacktrace>
              <![CDATA[java.lang.AssertionError: expected [Order data has been updted] but found [Order data has been updated]
at org.testng.Assert.fail(Assert.java:99)
at org.testng.Assert.failNotEquals(Assert.java:1037)
at org.testng.Assert.assertEqualsImpl(Assert.java:140)
at org.testng.Assert.assertEquals(Assert.java:122)
at org.testng.Assert.assertEquals(Assert.java:629)
at org.testng.Assert.assertEquals(Assert.java:639)
at AvactisTestCases.OrdersTest.UpdateOrderStatus(OrdersTest.java:46)
at java.base/jdk.internal.reflect.NativeMethodAccessorImpl.invoke0(Native Method)
at java.base/jdk.internal.reflect.NativeMethodAccessorImpl.invoke(NativeMethodAccessorImpl.java:77)
at java.base/jdk.internal.reflect.DelegatingMethodAccessorImpl.invoke(DelegatingMethodAccessorImpl.java:43)
at java.base/java.lang.reflect.Method.invoke(Method.java:568)
at org.testng.internal.MethodInvocationHelper.invokeMethod(MethodInvocationHelper.java:133)
at org.testng.internal.TestInvoker.invokeMethod(TestInvoker.java:598)
at org.testng.internal.TestInvoker.invokeTestMethod(TestInvoker.java:173)
at org.testng.internal.MethodRunner.runInSequence(MethodRunner.java:46)
at org.testng.internal.TestInvoker$MethodInvocationAgent.invoke(TestInvoker.java:824)
at org.testng.internal.TestInvoker.invokeTestMethods(TestInvoker.java:146)
at org.testng.internal.TestMethodWorker.invokeTestMethods(TestMethodWorker.java:146)
at org.testng.internal.TestMethodWorker.run(TestMethodWorker.java:128)
at java.base/java.util.ArrayList.forEach(ArrayList.java:1511)
at org.testng.TestRunner.privateRun(TestRunner.java:794)
at org.testng.TestRunner.run(TestRunner.java:596)
at org.testng.SuiteRunner.runTest(SuiteRunner.java:377)
at org.testng.SuiteRunner.runSequentially(SuiteRunner.java:371)
at org.testng.SuiteRunner.privateRun(SuiteRunner.java:332)
at org.testng.SuiteRunner.run(SuiteRunner.java:276)
at org.testng.SuiteRunnerWorker.runSuite(SuiteRunnerWorker.java:53)
at org.testng.SuiteRunnerWorker.run(SuiteRunnerWorker.java:96)
at org.testng.TestNG.runSuitesSequentially(TestNG.java:1212)
at org.testng.TestNG.runSuitesLocally(TestNG.java:1134)
at org.testng.TestNG.runSuites(TestNG.java:1063)
at org.testng.TestNG.run(TestNG.java:1031)
at org.testng.remote.AbstractRemoteTestNG.run(AbstractRemoteTestNG.java:115)
at org.testng.remote.RemoteTestNG.initAndRun(RemoteTestNG.java:251)
at org.testng.remote.RemoteTestNG.main(RemoteTestNG.java:77)
]]>
            </full-stacktrace>
          </exception> <!-- java.lang.AssertionError -->
          <reporter-output>
          </reporter-output>
        </test-method> <!-- UpdateOrderStatus -->
        <test-method is-config="true" signature="tearDown()[pri:0, instance:AvactisTestCases.OrdersTest@2237bada]" started-at="2022-11-22T12:57:44 IST" name="tearDown" finished-at="2022-11-22T12:57:45 IST" duration-ms="180" status="PASS">
          <reporter-output>
          </reporter-output>
        </test-method> <!-- tearDown -->
      </class> <!-- AvactisTestCases.OrdersTest -->
    </test> <!-- orderTest -->
    <test started-at="2022-11-22T12:57:45 IST" name="LoginPages" finished-at="2022-11-22T12:58:13 IST" duration-ms="28411">
      <class name="AvactisTestCases.LoginPageTest">
        <test-method is-config="true" signature="loadBrowser()[pri:0, instance:AvactisTestCases.LoginPageTest@4e7095ac]" started-at="2022-11-22T12:57:45 IST" name="loadBrowser" finished-at="2022-11-22T12:57:48 IST" duration-ms="3171" status="PASS">
          <reporter-output>
          </reporter-output>
        </test-method> <!-- loadBrowser -->
        <test-method signature="AdminSignIn()[pri:0, instance:AvactisTestCases.LoginPageTest@4e7095ac]" started-at="2022-11-22T12:57:48 IST" name="AdminSignIn" finished-at="2022-11-22T12:58:13 IST" duration-ms="24997" status="PASS">
          <reporter-output>
          </reporter-output>
        </test-method> <!-- AdminSignIn -->
        <test-method is-config="true" signature="tearDown()[pri:0, instance:AvactisTestCases.LoginPageTest@4e7095ac]" started-at="2022-11-22T12:58:13 IST" name="tearDown" finished-at="2022-11-22T12:58:13 IST" duration-ms="238" status="PASS">
          <reporter-output>
          </reporter-output>
        </test-method> <!-- tearDown -->
      </class> <!-- AvactisTestCases.LoginPageTest -->
    </test> <!-- LoginPages -->
  </suite> <!-- Suite -->
</testng-results>
