<?xml version="1.0" encoding="UTF-8"?>
<!-- Generated by org.testng.reporters.JUnitXMLReporter -->
<testsuite ignored="0" hostname="jeeveslaptop" failures="0" tests="12" name="Test" time="16.514" errors="0" timestamp="2022-11-20T12:19:37 IST">
  <testcase classname="AvactisTestCases.ManageProductTypesTest" name="@BeforeTest loadBrowser" time="3.746">
    <failure type="org.openqa.selenium.NoSuchWindowException" message="no such window: target window already closed
from unknown error: web view not found
  (Session info: chrome=107.0.5304.107)
Build info: version: &amp;apos;4.6.0&amp;apos;, revision: &amp;apos;79f1c02ae20&amp;apos;
System info: os.name: &amp;apos;Windows 10&amp;apos;, os.arch: &amp;apos;amd64&amp;apos;, os.version: &amp;apos;10.0&amp;apos;, java.version: &amp;apos;17.0.2&amp;apos;
Driver info: org.openqa.selenium.chrome.ChromeDriver
Command: [379c241ab9e06cf424f8daaf5303afaf, maximizeCurrentWindow {}]
Capabilities {acceptInsecureCerts: false, browserName: chrome, browserVersion: 107.0.5304.107, chrome: {chromedriverVersion: 107.0.5304.62 (1eec40d3a576..., userDataDir: C:\Users\DELL\AppData\Local...}, goog:chromeOptions: {debuggerAddress: localhost:54481}, networkConnectionEnabled: false, pageLoadStrategy: normal, platformName: WINDOWS, proxy: Proxy(), se:cdp: ws://localhost:54481/devtoo..., se:cdpVersion: 107.0.5304.107, setWindowRect: true, strictFileInteractability: false, timeouts: {implicit: 0, pageLoad: 300000, script: 30000}, unhandledPromptBehavior: dismiss and notify, webauthn:extension:credBlob: true, webauthn:extension:largeBlob: true, webauthn:virtualAuthenticators: true}
Session ID: 379c241ab9e06cf424f8daaf5303afaf">
      <![CDATA[org.openqa.selenium.NoSuchWindowException: no such window: target window already closed
from unknown error: web view not found
  (Session info: chrome=107.0.5304.107)
Build info: version: '4.6.0', revision: '79f1c02ae20'
System info: os.name: 'Windows 10', os.arch: 'amd64', os.version: '10.0', java.version: '17.0.2'
Driver info: org.openqa.selenium.chrome.ChromeDriver
Command: [379c241ab9e06cf424f8daaf5303afaf, maximizeCurrentWindow {}]
Capabilities {acceptInsecureCerts: false, browserName: chrome, browserVersion: 107.0.5304.107, chrome: {chromedriverVersion: 107.0.5304.62 (1eec40d3a576..., userDataDir: C:\Users\DELL\AppData\Local...}, goog:chromeOptions: {debuggerAddress: localhost:54481}, networkConnectionEnabled: false, pageLoadStrategy: normal, platformName: WINDOWS, proxy: Proxy(), se:cdp: ws://localhost:54481/devtoo..., se:cdpVersion: 107.0.5304.107, setWindowRect: true, strictFileInteractability: false, timeouts: {implicit: 0, pageLoad: 300000, script: 30000}, unhandledPromptBehavior: dismiss and notify, webauthn:extension:credBlob: true, webauthn:extension:largeBlob: true, webauthn:virtualAuthenticators: true}
Session ID: 379c241ab9e06cf424f8daaf5303afaf
at org.openqa.selenium.remote.codec.w3c.W3CHttpResponseCodec.createException(W3CHttpResponseCodec.java:200)
at org.openqa.selenium.remote.codec.w3c.W3CHttpResponseCodec.decode(W3CHttpResponseCodec.java:133)
at org.openqa.selenium.remote.codec.w3c.W3CHttpResponseCodec.decode(W3CHttpResponseCodec.java:53)
at org.openqa.selenium.remote.HttpCommandExecutor.execute(HttpCommandExecutor.java:184)
at org.openqa.selenium.remote.service.DriverCommandExecutor.invokeExecute(DriverCommandExecutor.java:167)
at org.openqa.selenium.remote.service.DriverCommandExecutor.execute(DriverCommandExecutor.java:142)
at org.openqa.selenium.remote.RemoteWebDriver.execute(RemoteWebDriver.java:541)
at org.openqa.selenium.remote.RemoteWebDriver.execute(RemoteWebDriver.java:596)
at org.openqa.selenium.remote.RemoteWebDriver.execute(RemoteWebDriver.java:600)
at org.openqa.selenium.remote.RemoteWebDriver$RemoteWebDriverOptions$RemoteWindow.maximize(RemoteWebDriver.java:952)
at AvactisTestCases.ManageProductTypesTest.loadBrowser(ManageProductTypesTest.java:27)
... Removed 29 stack frames]]>
    </failure>
  </testcase> <!-- @BeforeTest loadBrowser -->
  <testcase classname="AvactisTestCases.ManageProductsTest" name="@BeforeTest loadBrowser" time="-1.668926977027E9">
    <skipped/>
  </testcase> <!-- @BeforeTest loadBrowser -->
  <testcase classname="AvactisTestCases.ManufacturersTest" name="@BeforeTest loadBrowser" time="-1.668926977035E9">
    <skipped/>
  </testcase> <!-- @BeforeTest loadBrowser -->
  <testcase classname="AvactisTestCases.OrdersTest" name="@BeforeTest loadBrowser" time="-1.668926977042E9">
    <skipped/>
  </testcase> <!-- @BeforeTest loadBrowser -->
  <testcase classname="AvactisTestCases.ReviewTest" name="@BeforeTest loadBrowser" time="-1.668926977074E9">
    <skipped/>
  </testcase> <!-- @BeforeTest loadBrowser -->
  <testcase classname="AvactisTestCases.ManageProductsTest" name="@AfterTest tearDown" time="-1.668926977403E9">
    <skipped/>
  </testcase> <!-- @AfterTest tearDown -->
  <testcase classname="AvactisTestCases.ManageProductTypesTest" name="AddNewProductType" time="0.0">
    <skipped/>
  </testcase> <!-- AddNewProductType -->
  <testcase classname="AvactisTestCases.CustomerspageTest" name="CreateCustmersGrp" time="0.0">
    <skipped/>
  </testcase> <!-- CreateCustmersGrp -->
  <testcase classname="AvactisTestCases.CustomerspageTest" name="ExportCsv" time="0.0">
    <skipped/>
  </testcase> <!-- ExportCsv -->
  <testcase classname="AvactisTestCases.CustomerspageTest" name="ResetPassword" time="0.0">
    <skipped/>
  </testcase> <!-- ResetPassword -->
  <testcase classname="AvactisTestCases.CustomerspageTest" name="activatePassword" time="0.0">
    <skipped/>
  </testcase> <!-- activatePassword -->
  <testcase classname="AvactisTestCases.ManufacturersTest" name="AddManufacturer" time="0.0">
    <skipped/>
  </testcase> <!-- AddManufacturer -->
  <testcase classname="AvactisTestCases.ManageCategoriesTest" name="createSubCategory" time="0.0">
    <skipped/>
  </testcase> <!-- createSubCategory -->
  <testcase classname="AvactisTestCases.ManageProductsTest" name="AddProduct" time="0.0">
    <skipped/>
  </testcase> <!-- AddProduct -->
  <testcase classname="AvactisTestCases.ManageProductsTest" name="MoveProduct" time="0.0">
    <skipped/>
  </testcase> <!-- MoveProduct -->
  <testcase classname="AvactisTestCases.ReviewTest" name="SearchReview" time="0.0">
    <skipped/>
  </testcase> <!-- SearchReview -->
  <testcase classname="AvactisTestCases.OrdersTest" name="UpdateOrderStatus" time="0.0">
    <skipped/>
  </testcase> <!-- UpdateOrderStatus -->
  <testcase classname="AvactisTestCases.LoginPageTest" name="AdminSignIn" time="0.0">
    <skipped/>
  </testcase> <!-- AdminSignIn -->
</testsuite> <!-- Test -->
